<?xml version="1.0" encoding="UTF-8"?>
<!-- Generated by org.testng.reporters.JUnitXMLReporter -->
<testsuite ignored="1" hostname="Az" failures="0" tests="1" name="Smoke Tests" time="9.142" errors="0" timestamp="2026-09-21T00:12:45 EDT">
  <testcase classname="tests.LoginTest" name="validLoginNavigatesToHomePage" time="6.468"/>
  <testcase classname="tests.LoginTest" name="multiplePageObjectsCanBeUsedInOneFlow" time="0.0">
    <ignored/>
  </testcase> <!-- multiplePageObjectsCanBeUsedInOneFlow -->
</testsuite> <!-- Smoke Tests -->
