<?xml version="1.0" encoding="UTF-8"?>
<!-- Generated by org.testng.reporters.JUnitXMLReporter -->
<testsuite ignored="1" hostname="Az" failures="1" tests="1" name="Regression Tests" time="13.933" errors="0" timestamp="2026-09-21T00:13:06 EDT">
  <testcase classname="tests.LoginTest" name="multiplePageObjectsCanBeUsedInOneFlow" time="11.683">
    <failure type="org.openqa.selenium.TimeoutException" message="Expected condition failed: waiting for pages.LoginPage$$Lambda$692/0x0000023152269670@48e7b3d2 (tried for 10 second(s) with 500 milliseconds interval)">
      <![CDATA[org.openqa.selenium.TimeoutException: Expected condition failed: waiting for pages.LoginPage$$Lambda$692/0x0000023152269670@48e7b3d2 (tried for 10 second(s) with 500 milliseconds interval)
at org.openqa.selenium.support.ui.WebDriverWait.timeoutException(WebDriverWait.java:84)
at org.openqa.selenium.support.ui.FluentWait.until(FluentWait.java:228)
at pages.LoginPage.login(LoginPage.java:28)
at tests.LoginTest.multiplePageObjectsCanBeUsedInOneFlow(LoginTest.java:100)
at java.base/java.util.ArrayList.forEach(ArrayList.java:1511)
Caused by: org.openqa.selenium.NoSuchWindowException: no such window: target window already closed
from unknown error: web view not found
  (Session info: chrome=153.0.8010.48)
Build info: version: '4.24.0', revision: '748ffc9bc3'
System info: os.name: 'Windows 11', os.arch: 'amd64', os.version: '10.0', java.version: '17.0.20.1'
Driver info: org.openqa.selenium.chrome.ChromeDriver
Command: [86a4b21a3f973bda4a8cc8f750cf6cad, findElement {value=username, using=id}]
Capabilities {acceptInsecureCerts: false, browserName: chrome, browserVersion: 153.0.8010.48, chrome: {chromedriverVersion: 153.0.8010.52 (78e5e45d4bb4..., userDataDir: C:\Users\azzip\AppData\Loca...}, fedcm:accounts: true, goog:chromeOptions: {debuggerAddress: localhost:65464}, goog:processID: 13488, networkConnectionEnabled: false, pageLoadStrategy: normal, platformName: windows, proxy: Proxy(), se:cdp: ws://localhost:65464/devtoo..., se:cdpVersion: 153.0.8010.48, setWindowRect: true, strictFileInteractability: false, timeouts: {implicit: 0, pageLoad: 300000, script: 30000}, unhandledPromptBehavior: dismiss and notify, webauthn:extension:cmtgKey: true, webauthn:extension:credBlob: true, webauthn:extension:largeBlob: true, webauthn:extension:minPinLength: true, webauthn:extension:prf: true, webauthn:virtualAuthenticators: true}
Session ID: 86a4b21a3f973bda4a8cc8f750cf6cad
at org.openqa.selenium.remote.ErrorCodec.decode(ErrorCodec.java:167)
at org.openqa.selenium.remote.codec.w3c.W3CHttpResponseCodec.decode(W3CHttpResponseCodec.java:138)
at org.openqa.selenium.remote.codec.w3c.W3CHttpResponseCodec.decode(W3CHttpResponseCodec.java:50)
at org.openqa.selenium.remote.HttpCommandExecutor.execute(HttpCommandExecutor.java:190)
at org.openqa.selenium.remote.service.DriverCommandExecutor.invokeExecute(DriverCommandExecutor.java:216)
at org.openqa.selenium.remote.service.DriverCommandExecutor.execute(DriverCommandExecutor.java:174)
at org.openqa.selenium.remote.RemoteWebDriver.execute(RemoteWebDriver.java:545)
at org.openqa.selenium.remote.ElementLocation$ElementFinder$2.findElement(ElementLocation.java:165)
at org.openqa.selenium.remote.ElementLocation.findElement(ElementLocation.java:66)
at org.openqa.selenium.remote.RemoteWebDriver.findElement(RemoteWebDriver.java:368)
at org.openqa.selenium.remote.RemoteWebDriver.findElement(RemoteWebDriver.java:362)
at org.openqa.selenium.support.pagefactory.DefaultElementLocator.findElement(DefaultElementLocator.java:68)
at org.openqa.selenium.support.pagefactory.internal.LocatingElementHandler.invoke(LocatingElementHandler.java:38)
at jdk.proxy2/jdk.proxy2.$Proxy9.isDisplayed(Unknown Source)
at pages.LoginPage.lambda$login$0(LoginPage.java:28)
at org.openqa.selenium.support.ui.FluentWait.until(FluentWait.java:203)
... 34 more
... Removed 35 stack frames]]>
    </failure>
  </testcase> <!-- multiplePageObjectsCanBeUsedInOneFlow -->
  <testcase classname="tests.LoginTest" name="validLoginNavigatesToHomePage" time="0.0">
    <ignored/>
  </testcase> <!-- validLoginNavigatesToHomePage -->
</testsuite> <!-- Regression Tests -->
