<?xml version="1.0" encoding="UTF-8"?>
<!-- Generated by org.testng.reporters.JUnitXMLReporter -->
<testsuite ignored="1" hostname="Az" failures="0" tests="1" name="Login Tests" time="10.31" errors="0" timestamp="2026-09-21T00:27:30 EDT">
  <testcase classname="tests.LoginTest" name="validLoginNavigatesToHomePage" time="6.968"/>
  <testcase classname="tests.LoginTest" name="multiplePageObjectsCanBeUsedInOneFlow" time="0.0">
    <ignored/>
  </testcase> <!-- multiplePageObjectsCanBeUsedInOneFlow -->
</testsuite> <!-- Login Tests -->
