<?xml version="1.0" encoding="UTF-8"?>
<testsuite xmlns:xsi="http://www.w3.org/2001/XMLSchema-instance" xsi:noNamespaceSchemaLocation="https://maven.apache.org/surefire/maven-surefire-plugin/xsd/surefire-test-report-3.0.xsd" version="3.0" name="TestSuite" time="11.523" tests="1" errors="0" skipped="0" failures="0">
  <properties>
[...]
</properties>
  <testcase name="validLoginNavigatesToHomePage" classname="tests.LoginTest" time="7.114">
    <system-err><![CDATA[SLF4J: Failed to load class "org.slf4j.impl.StaticLoggerBinder".
SLF4J: Defaulting to no-operation (NOP) logger implementation
SLF4J: See http://www.slf4j.org/codes.html#StaticLoggerBinder for further details.
Sep 21, 2026 12:27:22 AM org.openqa.selenium.devtools.CdpVersionFinder findNearestMatch
WARNING: Unable to find CDP implementation matching 153
Sep 21, 2026 12:27:22 AM org.openqa.selenium.chromium.ChromiumDriver lambda$new$5
WARNING: Unable to find version of CDP to use for 153.0.8010.48. You may need to include a dependency on a specific version of the CDP using something similar to `org.seleniumhq.selenium:selenium-devtools-v86:4.24.0` where the version ("v86") matches the version of the chromium-based browser you're using and the version number of the artifact is the same as Selenium's.
Sep 21, 2026 12:27:22 AM framework.LoggerUtil info
INFO: WebDriver initialized for browser: chrome
Sep 21, 2026 12:27:22 AM framework.LoggerUtil info
INFO: Test setup complete for browser: chrome
Sep 21, 2026 12:27:23 AM framework.LoggerUtil info
INFO: Loaded 2 test data entries from CSV file: testdata/login-credentials.csv
Sep 21, 2026 12:27:23 AM framework.LoggerUtil info
INFO: Running valid login test for user: student
Sep 21, 2026 12:27:23 AM framework.LoggerUtil info
INFO: Initialized page object: LoginPage
Sep 21, 2026 12:27:25 AM framework.LoggerUtil info
INFO: Initialized page object: HomePage
Sep 21, 2026 12:27:25 AM framework.LoggerUtil info
INFO: Closing WebDriver session
Sep 21, 2026 12:27:27 AM org.openqa.selenium.devtools.CdpVersionFinder findNearestMatch
WARNING: Unable to find CDP implementation matching 153
Sep 21, 2026 12:27:27 AM org.openqa.selenium.chromium.ChromiumDriver lambda$new$5
WARNING: Unable to find version of CDP to use for 153.0.8010.48. You may need to include a dependency on a specific version of the CDP using something similar to `org.seleniumhq.selenium:selenium-devtools-v86:4.24.0` where the version ("v86") matches the version of the chromium-based browser you're using and the version number of the artifact is the same as Selenium's.
Sep 21, 2026 12:27:27 AM framework.LoggerUtil info
INFO: WebDriver initialized for browser: chrome
Sep 21, 2026 12:27:27 AM framework.LoggerUtil info
INFO: Running valid login test for user: student
Sep 21, 2026 12:27:27 AM framework.LoggerUtil info
INFO: Initialized page object: LoginPage
Sep 21, 2026 12:27:29 AM framework.LoggerUtil info
INFO: Initialized page object: HomePage
Sep 21, 2026 12:27:29 AM framework.LoggerUtil info
INFO: Login flow completed successfully
]]></system-err>
  </testcase>
</testsuite>