<?xml version="1.0" encoding="UTF-8"?>
<testng-results ignored="0" total="1" passed="1" failed="0" skipped="0">
  <reporter-output>
  </reporter-output>
  <suite started-at="2026-09-21T00:27:20 EDT" name="Practice Test Automation Suite" finished-at="2026-09-21T00:27:30 EDT" duration-ms="10310">
    <groups>
      <group name="smoke">
        <method signature="LoginTest.validLoginNavigatesToHomePage()[pri:0, instance:tests.LoginTest@20deea7f]" name="validLoginNavigatesToHomePage" class="tests.LoginTest"/>
      </group> <!-- smoke -->
    </groups>
    <test started-at="2026-09-21T00:27:20 EDT" name="Login Tests" finished-at="2026-09-21T00:27:30 EDT" duration-ms="10310">
      <class name="tests.LoginTest">
        <test-method is-config="true" signature="setUp()[pri:0, instance:tests.LoginTest@20deea7f]" started-at="2026-09-21T00:27:20 EDT" name="setUp" finished-at="2026-09-21T00:27:22 EDT" duration-ms="2559" status="PASS">
          <reporter-output>
          </reporter-output>
        </test-method> <!-- setUp -->
        <test-method signature="validLoginNavigatesToHomePage()[pri:0, instance:tests.LoginTest@20deea7f]" started-at="2026-09-21T00:27:22 EDT" name="validLoginNavigatesToHomePage" finished-at="2026-09-21T00:27:29 EDT" duration-ms="6968" status="PASS">
          <reporter-output>
          </reporter-output>
        </test-method> <!-- validLoginNavigatesToHomePage -->
        <test-method is-config="true" signature="tearDown()[pri:0, instance:tests.LoginTest@20deea7f]" started-at="2026-09-21T00:27:30 EDT" name="tearDown" finished-at="2026-09-21T00:27:30 EDT" duration-ms="279" status="PASS">
          <reporter-output>
          </reporter-output>
        </test-method> <!-- tearDown -->
      </class> <!-- tests.LoginTest -->
    </test> <!-- Login Tests -->
  </suite> <!-- Practice Test Automation Suite -->
</testng-results>
