<?xml version="1.0" encoding="UTF-8"?>
<testng-results ignored="0" total="2" passed="2" failed="0" skipped="0">
  <reporter-output>
  </reporter-output>
  <suite started-at="2026-09-20T01:42:40 EDT" name="Practice Test Automation Suite" finished-at="2026-09-20T01:42:50 EDT" duration-ms="9479">
    <groups>
    </groups>
    <test started-at="2026-09-20T01:42:40 EDT" name="Login Tests" finished-at="2026-09-20T01:42:50 EDT" duration-ms="9479">
      <class name="tests.LoginTest">
        <test-method is-config="true" signature="setUp()[pri:0, instance:tests.LoginTest@384ad17b]" started-at="2026-09-20T01:42:40 EDT" name="setUp" finished-at="2026-09-20T01:42:43 EDT" duration-ms="2422" status="PASS">
          <reporter-output>
          </reporter-output>
        </test-method> <!-- setUp -->
        <test-method signature="multiplePageObjectsCanBeUsedInOneFlow(java.lang.String)[pri:0, instance:tests.LoginTest@384ad17b]" started-at="2026-09-20T01:42:43 EDT" name="multiplePageObjectsCanBeUsedInOneFlow" data-provider="browserProvider" finished-at="2026-09-20T01:42:46 EDT" duration-ms="2834" status="PASS">
          <params>
            <param index="0">
              <value>
                <![CDATA[chrome]]>
              </value>
            </param>
          </params>
          <reporter-output>
          </reporter-output>
        </test-method> <!-- multiplePageObjectsCanBeUsedInOneFlow -->
        <test-method is-config="true" signature="tearDown()[pri:0, instance:tests.LoginTest@384ad17b]" started-at="2026-09-20T01:42:46 EDT" name="tearDown" finished-at="2026-09-20T01:42:46 EDT" duration-ms="284" status="PASS">
          <reporter-output>
          </reporter-output>
        </test-method> <!-- tearDown -->
        <test-method is-config="true" signature="setUp()[pri:0, instance:tests.LoginTest@384ad17b]" started-at="2026-09-20T01:42:46 EDT" name="setUp" finished-at="2026-09-20T01:42:47 EDT" duration-ms="1126" status="PASS">
          <reporter-output>
          </reporter-output>
        </test-method> <!-- setUp -->
        <test-method signature="validLoginNavigatesToHomePage(java.lang.String)[pri:0, instance:tests.LoginTest@384ad17b]" started-at="2026-09-20T01:42:47 EDT" name="validLoginNavigatesToHomePage" data-provider="browserProvider" finished-at="2026-09-20T01:42:50 EDT" duration-ms="2495" status="PASS">
          <params>
            <param index="0">
              <value>
                <![CDATA[chrome]]>
              </value>
            </param>
          </params>
          <reporter-output>
          </reporter-output>
        </test-method> <!-- validLoginNavigatesToHomePage -->
        <test-method is-config="true" signature="tearDown()[pri:0, instance:tests.LoginTest@384ad17b]" started-at="2026-09-20T01:42:50 EDT" name="tearDown" finished-at="2026-09-20T01:42:50 EDT" duration-ms="265" status="PASS">
          <reporter-output>
          </reporter-output>
        </test-method> <!-- tearDown -->
      </class> <!-- tests.LoginTest -->
    </test> <!-- Login Tests -->
  </suite> <!-- Practice Test Automation Suite -->
</testng-results>
